GET / 304 - - 11.819 ms
GET /static/index.js 304 - - 2.204 ms
GET /users 304 - - 2.746 ms
GET / 304 - - 12.113 ms
GET /static/index.js 200 1224 - 4.617 ms
GET /users 304 - - 3.607 ms
GET / 304 - - 12.119 ms
GET /static/index.js 304 - - 2.070 ms
GET /users 304 - - 2.636 ms
GET / 302 56 - 2.312 ms
GET /login 200 1784 - 2.450 ms
GET /pagelogin.css 404 152 - 1.651 ms
GET /index.js 404 147 - 0.756 ms
GET /login 304 - - 1.982 ms
GET /pagelogin.css 404 152 - 0.549 ms
GET /index.js 404 147 - 0.642 ms
GET /login 304 - - 17.758 ms
GET /pagelogin.css 404 152 - 2.013 ms
GET /index.js 404 147 - 0.917 ms
GET / 302 28 - 1.617 ms
GET /login 200 1784 - 2.747 ms
GET / 302 56 - 5.321 ms
GET /login 200 1784 - 13.461 ms
GET /pagelogin.css 404 152 - 2.149 ms
GET /index.js 404 147 - 0.664 ms
GET /favicon.ico 404 150 - 0.542 ms
GET /index.js 404 147 - 0.505 ms
GET /pagelogin.css 404 152 - 0.363 ms
POST /login 200 7 - 146.410 ms
POST /login 200 7 - 73.559 ms
GET / 200 4858 - 9.061 ms
GET / 200 4858 - 2.697 ms
GET / 200 4858 - 4.871 ms
GET /static/index.js 200 1224 - 3.061 ms
GET /users 200 1058 - 2.908 ms
POST /logout 302 56 - 10.190 ms
GET /login 302 46 - 2.826 ms
GET / 200 4858 - 8.729 ms
GET /static/index.js 304 - - 5.295 ms
GET /users 304 - - 3.840 ms
POST /logout 302 56 - 10.707 ms
GET /login 200 1784 - 12.835 ms
GET /pagelogin.css 404 152 - 2.469 ms
GET /index.js 404 147 - 0.924 ms
POST /login 200 7 - 126.285 ms
GET / 304 - - 3.926 ms
GET /static/index.js 304 - - 2.756 ms
GET /users 304 - - 2.589 ms
POST /logout 302 56 - 9.772 ms
GET /login 200 1784 - 11.223 ms
GET /pagelogin.css 404 152 - 1.962 ms
GET /index.js 404 147 - 0.837 ms
POST /login 200 7 - 80.323 ms
POST /login 200 7 - 74.318 ms
GET / 304 - - 5.194 ms
GET / 200 4858 - 3.461 ms
POST /login 302 23 - 1.589 ms
GET /static/index.js 304 - - 1.834 ms
GET /users 304 - - 3.262 ms
GET / 302 56 - 2.105 ms
GET /login 200 1784 - 3.249 ms
GET /pagelogin.css 404 152 - 0.603 ms
GET /index.js 404 147 - 0.759 ms
POST /login 200 7 - 92.136 ms
GET / 200 4858 - 10.883 ms
GET /static/index.js 200 1313 - 4.516 ms
GET /users 304 - - 6.954 ms
GET / 302 56 - 7.144 ms
GET /login 200 1784 - 10.108 ms
GET /pagelogin.css 404 152 - 2.066 ms
GET /index.js 404 147 - 2.046 ms
POST /login 200 7 - 101.921 ms
GET / 200 4858 - 3.760 ms
GET /static/index.js 304 - - 1.794 ms
GET /users 304 - - 2.089 ms
GET / 302 56 - 2.384 ms
GET /login 200 1784 - 4.381 ms
GET /pagelogin.css 404 152 - 0.423 ms
GET /index.js 404 147 - 0.307 ms
GET /login 200 1784 - 6.083 ms
GET /pagelogin.css 404 152 - 0.483 ms
GET /index.js 404 147 - 0.372 ms
POST /login 200 7 - 73.649 ms
GET / 200 4858 - 2.781 ms
GET /static/index.js 304 - - 0.839 ms
GET /users 304 - - 2.045 ms
GET / 302 56 - 10.650 ms
GET /login 200 1784 - 23.113 ms
GET /pagelogin.css 404 152 - 2.434 ms
GET /index.js 404 147 - 0.927 ms
GET /login 200 1784 - 3.703 ms
GET /pagelogin.css 404 152 - 0.416 ms
GET /index.js 404 147 - 0.339 ms
POST /login 200 7 - 91.878 ms
GET / 200 4986 - 3.927 ms
GET /static/index.js 200 1226 - 3.043 ms
GET /users 304 - - 23.047 ms
POST /refresh 200 7 - 3.262 ms
POST /refresh 200 7 - 4.567 ms
POST /refresh 200 7 - 3.010 ms
POST /refresh 200 7 - 3.557 ms
POST /refresh 200 7 - 3.711 ms
POST /refresh 200 7 - 3.848 ms
POST /refresh 200 7 - 3.219 ms
POST /refresh 200 7 - 3.893 ms
POST /refresh 200 7 - 3.221 ms
POST /refresh 200 7 - 3.684 ms
POST /refresh 200 7 - 3.279 ms
POST /refresh 200 7 - 3.105 ms
POST /refresh 200 7 - 3.545 ms
POST /refresh 200 7 - 4.255 ms
POST /refresh 200 7 - 3.192 ms
POST /refresh 200 7 - 2.710 ms
POST /refresh 200 7 - 2.620 ms
POST /refresh 200 7 - 3.320 ms
POST /refresh 200 7 - 3.276 ms
POST /refresh 200 7 - 3.000 ms
POST /refresh 200 7 - 3.795 ms
POST /refresh 200 7 - 2.958 ms
POST /refresh 200 7 - 2.700 ms
POST /refresh 200 7 - 3.120 ms
POST /refresh 200 7 - 3.865 ms
POST /refresh 200 7 - 2.623 ms
POST /refresh 200 7 - 9.888 ms
POST /refresh 200 7 - 6.642 ms
POST /refresh 200 7 - 3.259 ms
